2024-10-26 19:59:36 INFO [com.example.yin.MusicJavaApplication]: Starting MusicJavaApplication using Java 1.8.0_361 on LAPTOP-JJRLLKFP with PID 8712 (C:\音乐网站最新\music-java\target\classes started by PENGMIN in C:\音乐网站最新\music-java)
2024-10-26 19:59:36 INFO [com.example.yin.MusicJavaApplication]: No active profile set, falling back to default profiles: default
2024-10-26 19:59:36 INFO [org.springframework.boot.devtools.env.DevToolsPropertyDefaultsPostProcessor]: Devtools property defaults active! Set 'spring.devtools.add-properties' to 'false' to disable
2024-10-26 19:59:36 INFO [org.springframework.boot.devtools.env.DevToolsPropertyDefaultsPostProcessor]: For additional web related logging consider setting the 'logging.level.web' property to 'DEBUG'
2024-10-26 19:59:36 INFO [org.springframework.data.repository.config.RepositoryConfigurationDelegate]: Multiple Spring Data modules found, entering strict repository configuration mode!
2024-10-26 19:59:36 INFO [org.springframework.data.repository.config.RepositoryConfigurationDelegate]: Bootstrapping Spring Data Redis repositories in DEFAULT mode.
2024-10-26 19:59:36 INFO [org.springframework.data.repository.config.RepositoryConfigurationDelegate]: Finished Spring Data repository scanning in 14 ms. Found 0 Redis repository interfaces.
2024-10-26 19:59:37 INFO [org.springframework.boot.web.embedded.tomcat.TomcatWebServer]: Tomcat initialized with port(s): 8888 (http)
2024-10-26 19:59:37 INFO [org.springframework.boot.web.servlet.context.ServletWebServerApplicationContext]: Root WebApplicationContext: initialization completed in 1438 ms
2024-10-26 19:59:39 INFO [org.springframework.boot.devtools.autoconfigure.OptionalLiveReloadServer]: LiveReload server is running on port 35729
2024-10-26 19:59:39 INFO [org.springframework.boot.web.embedded.tomcat.TomcatWebServer]: Tomcat started on port(s): 8888 (http) with context path ''
2024-10-26 19:59:39 INFO [com.example.yin.MusicJavaApplication]: Started MusicJavaApplication in 3.469 seconds (JVM running for 4.613)
2024-10-26 19:59:44 INFO [org.springframework.web.servlet.DispatcherServlet]: Initializing Servlet 'dispatcherServlet'
2024-10-26 19:59:44 INFO [org.springframework.web.servlet.DispatcherServlet]: Completed initialization in 1 ms
2024-10-26 20:39:06 INFO [com.example.yin.MusicJavaApplication]: Starting MusicJavaApplication using Java 1.8.0_361 on LAPTOP-JJRLLKFP with PID 6388 (C:\音乐网站最新\music-java\target\classes started by PENGMIN in C:\音乐网站最新\music-java)
2024-10-26 20:39:06 INFO [com.example.yin.MusicJavaApplication]: No active profile set, falling back to default profiles: default
2024-10-26 20:39:06 INFO [org.springframework.boot.devtools.env.DevToolsPropertyDefaultsPostProcessor]: Devtools property defaults active! Set 'spring.devtools.add-properties' to 'false' to disable
2024-10-26 20:39:06 INFO [org.springframework.boot.devtools.env.DevToolsPropertyDefaultsPostProcessor]: For additional web related logging consider setting the 'logging.level.web' property to 'DEBUG'
2024-10-26 20:39:07 INFO [org.springframework.data.repository.config.RepositoryConfigurationDelegate]: Multiple Spring Data modules found, entering strict repository configuration mode!
2024-10-26 20:39:07 INFO [org.springframework.data.repository.config.RepositoryConfigurationDelegate]: Bootstrapping Spring Data Redis repositories in DEFAULT mode.
2024-10-26 20:39:07 INFO [org.springframework.data.repository.config.RepositoryConfigurationDelegate]: Finished Spring Data repository scanning in 13 ms. Found 0 Redis repository interfaces.
2024-10-26 20:39:07 INFO [org.springframework.boot.web.embedded.tomcat.TomcatWebServer]: Tomcat initialized with port(s): 8888 (http)
2024-10-26 20:39:07 INFO [org.springframework.boot.web.servlet.context.ServletWebServerApplicationContext]: Root WebApplicationContext: initialization completed in 1307 ms
2024-10-26 20:39:09 INFO [org.springframework.boot.devtools.autoconfigure.OptionalLiveReloadServer]: LiveReload server is running on port 35729
2024-10-26 20:39:09 INFO [org.springframework.boot.web.embedded.tomcat.TomcatWebServer]: Tomcat started on port(s): 8888 (http) with context path ''
2024-10-26 20:39:09 INFO [com.example.yin.MusicJavaApplication]: Started MusicJavaApplication in 3.15 seconds (JVM running for 4.118)
2024-10-26 20:39:17 INFO [org.springframework.web.servlet.DispatcherServlet]: Initializing Servlet 'dispatcherServlet'
2024-10-26 20:39:17 INFO [org.springframework.web.servlet.DispatcherServlet]: Completed initialization in 1 ms
2024-10-26 21:06:55 INFO [com.example.yin.MusicJavaApplication]: Starting MusicJavaApplication using Java 1.8.0_361 on LAPTOP-JJRLLKFP with PID 8104 (C:\音乐网站最新\music-java\target\classes started by PENGMIN in C:\音乐网站最新\music-java)
2024-10-26 21:06:55 INFO [com.example.yin.MusicJavaApplication]: No active profile set, falling back to default profiles: default
2024-10-26 21:06:55 INFO [org.springframework.boot.devtools.env.DevToolsPropertyDefaultsPostProcessor]: Devtools property defaults active! Set 'spring.devtools.add-properties' to 'false' to disable
2024-10-26 21:06:55 INFO [org.springframework.boot.devtools.env.DevToolsPropertyDefaultsPostProcessor]: For additional web related logging consider setting the 'logging.level.web' property to 'DEBUG'
2024-10-26 21:06:56 INFO [org.springframework.data.repository.config.RepositoryConfigurationDelegate]: Multiple Spring Data modules found, entering strict repository configuration mode!
2024-10-26 21:06:56 INFO [org.springframework.data.repository.config.RepositoryConfigurationDelegate]: Bootstrapping Spring Data Redis repositories in DEFAULT mode.
2024-10-26 21:06:56 INFO [org.springframework.data.repository.config.RepositoryConfigurationDelegate]: Finished Spring Data repository scanning in 14 ms. Found 0 Redis repository interfaces.
2024-10-26 21:06:56 INFO [org.springframework.boot.web.embedded.tomcat.TomcatWebServer]: Tomcat initialized with port(s): 8888 (http)
2024-10-26 21:06:56 INFO [org.springframework.boot.web.servlet.context.ServletWebServerApplicationContext]: Root WebApplicationContext: initialization completed in 1236 ms
2024-10-26 21:06:58 INFO [org.springframework.boot.devtools.autoconfigure.OptionalLiveReloadServer]: LiveReload server is running on port 35729
2024-10-26 21:06:58 INFO [org.springframework.boot.web.embedded.tomcat.TomcatWebServer]: Tomcat started on port(s): 8888 (http) with context path ''
2024-10-26 21:06:58 INFO [com.example.yin.MusicJavaApplication]: Started MusicJavaApplication in 2.983 seconds (JVM running for 3.817)
2024-10-26 21:07:19 INFO [org.springframework.web.servlet.DispatcherServlet]: Initializing Servlet 'dispatcherServlet'
2024-10-26 21:07:19 INFO [org.springframework.web.servlet.DispatcherServlet]: Completed initialization in 0 ms
2024-10-26 21:18:45 INFO [com.example.yin.MusicJavaApplication]: Starting MusicJavaApplication using Java 1.8.0_361 on LAPTOP-JJRLLKFP with PID 13816 (C:\音乐网站最新\music-java\target\classes started by PENGMIN in C:\音乐网站最新\music-java)
2024-10-26 21:18:45 INFO [com.example.yin.MusicJavaApplication]: No active profile set, falling back to default profiles: default
2024-10-26 21:18:45 INFO [org.springframework.boot.devtools.env.DevToolsPropertyDefaultsPostProcessor]: Devtools property defaults active! Set 'spring.devtools.add-properties' to 'false' to disable
2024-10-26 21:18:45 INFO [org.springframework.boot.devtools.env.DevToolsPropertyDefaultsPostProcessor]: For additional web related logging consider setting the 'logging.level.web' property to 'DEBUG'
2024-10-26 21:18:45 INFO [org.springframework.data.repository.config.RepositoryConfigurationDelegate]: Multiple Spring Data modules found, entering strict repository configuration mode!
2024-10-26 21:18:45 INFO [org.springframework.data.repository.config.RepositoryConfigurationDelegate]: Bootstrapping Spring Data Redis repositories in DEFAULT mode.
2024-10-26 21:18:45 INFO [org.springframework.data.repository.config.RepositoryConfigurationDelegate]: Finished Spring Data repository scanning in 16 ms. Found 0 Redis repository interfaces.
2024-10-26 21:18:46 INFO [org.springframework.boot.web.embedded.tomcat.TomcatWebServer]: Tomcat initialized with port(s): 8888 (http)
2024-10-26 21:18:46 INFO [org.springframework.boot.web.servlet.context.ServletWebServerApplicationContext]: Root WebApplicationContext: initialization completed in 1644 ms
2024-10-26 21:18:48 INFO [org.springframework.boot.devtools.autoconfigure.OptionalLiveReloadServer]: LiveReload server is running on port 35729
2024-10-26 21:18:48 INFO [org.springframework.boot.web.embedded.tomcat.TomcatWebServer]: Tomcat started on port(s): 8888 (http) with context path ''
2024-10-26 21:18:48 INFO [com.example.yin.MusicJavaApplication]: Started MusicJavaApplication in 4.524 seconds (JVM running for 5.789)
2024-10-26 21:19:17 INFO [org.springframework.web.servlet.DispatcherServlet]: Initializing Servlet 'dispatcherServlet'
2024-10-26 21:19:17 INFO [org.springframework.web.servlet.DispatcherServlet]: Completed initialization in 0 ms
